<?xml version="1.0" encoding="UTF-8"?>
<testng-results skipped="0" failed="0" total="1" passed="1">
  <reporter-output>
  </reporter-output>
  <suite name="Default suite" duration-ms="5543" started-at="2019-09-11T10:04:09Z" finished-at="2019-09-11T10:04:14Z">
    <groups>
    </groups>
    <test name="Default test" duration-ms="5543" started-at="2019-09-11T10:04:09Z" finished-at="2019-09-11T10:04:14Z">
      <class name="IBM.Learning.TestWebappTest">
        <test-method status="PASS" signature="openBrowser()[pri:0, instance:IBM.Learning.TestWebappTest@233c0b17]" name="openBrowser" is-config="true" duration-ms="4711" started-at="2019-09-11T15:34:09Z" finished-at="2019-09-11T15:34:13Z">
          <reporter-output>
          </reporter-output>
        </test-method> <!-- openBrowser -->
        <test-method status="PASS" signature="loginTest()[pri:0, instance:IBM.Learning.TestWebappTest@233c0b17]" name="loginTest" duration-ms="802" started-at="2019-09-11T15:34:13Z" finished-at="2019-09-11T15:34:14Z">
          <reporter-output>
          </reporter-output>
        </test-method> <!-- loginTest -->
      </class> <!-- IBM.Learning.TestWebappTest -->
    </test> <!-- Default test -->
  </suite> <!-- Default suite -->
</testng-results>
