<?xml version="1.0" encoding="UTF-8"?>
<testng-results skipped="0" failed="0" total="1" passed="1">
  <reporter-output>
  </reporter-output>
  <suite name="Default suite" duration-ms="23296" started-at="2019-09-02T07:54:10Z" finished-at="2019-09-02T07:54:33Z">
    <groups>
    </groups>
    <test name="Default test" duration-ms="23296" started-at="2019-09-02T07:54:10Z" finished-at="2019-09-02T07:54:33Z">
      <class name="com.training.sanity.tests.UniformTests">
        <test-method status="PASS" signature="setUpBeforeClass()[pri:0, instance:com.training.sanity.tests.UniformTests@357246de]" name="setUpBeforeClass" is-config="true" duration-ms="12" started-at="2019-09-02T13:24:10Z" finished-at="2019-09-02T13:24:10Z">
          <reporter-output>
          </reporter-output>
        </test-method> <!-- setUpBeforeClass -->
        <test-method status="PASS" signature="setUp()[pri:0, instance:com.training.sanity.tests.UniformTests@357246de]" name="setUp" is-config="true" duration-ms="6804" started-at="2019-09-02T13:24:10Z" finished-at="2019-09-02T13:24:17Z">
          <reporter-output>
          </reporter-output>
        </test-method> <!-- setUp -->
        <test-method status="PASS" signature="validLoginTest()[pri:0, instance:com.training.sanity.tests.UniformTests@357246de]" name="validLoginTest" duration-ms="10583" started-at="2019-09-02T13:24:17Z" finished-at="2019-09-02T13:24:28Z">
          <reporter-output>
          </reporter-output>
        </test-method> <!-- validLoginTest -->
        <test-method status="PASS" signature="tearDown()[pri:0, instance:com.training.sanity.tests.UniformTests@357246de]" name="tearDown" is-config="true" duration-ms="5881" started-at="2019-09-02T13:24:28Z" finished-at="2019-09-02T13:24:33Z">
          <reporter-output>
          </reporter-output>
        </test-method> <!-- tearDown -->
      </class> <!-- com.training.sanity.tests.UniformTests -->
    </test> <!-- Default test -->
  </suite> <!-- Default suite -->
</testng-results>
